<?xml version="1.0" encoding="UTF-8"?>
<!-- Generated by org.testng.reporters.JUnitXMLReporter -->
<testsuite ignored="0" hostname="Yvette" failures="0" tests="23" name="Default test" time="214.767" errors="0" timestamp="2023-03-20T16:53:56 CDT">
  <testcase classname="test_21Inches_Sizes.TestSize_325_30_R21" name="UsershoudbeableToclickon_size_325_30_R21" time="4.298"/>
  <testcase classname="test_21Inches_Sizes.TestSize_295_40_R21" name="UsershoudbeableToclickon_size_295_40_R21" time="3.761"/>
  <testcase classname="test_21Inches_Sizes.TestSize_295_35__R21" name="UsershoudbeableToclickon_size_295_35_R21" time="3.899"/>
  <testcase classname="test_21Inches_Sizes.TesSize_265_35_R21" name="UserSouldBeAbleToto_Click_on21_Inches" time="6.084"/>
  <testcase classname="test_21Inches_Sizes.TesSize_265_35_R21" name="UsershoudbeableToclickon_size_265_35_R21" time="3.872"/>
  <testcase classname="test_21Inches_Sizes.TestSize_245_35_R21" name="UsershoudbeableToclickon_size_245_35_R21" time="3.799"/>
  <testcase classname="test_21Inches_Sizes.TestSize_275_35_R21" name="UsershoudbeableToclickon_size_265_35_R21" time="2.262"/>
  <testcase classname="test_22Inches_Sizes.TestSize_275_50_R22" name="UsershoudbeableToclickon_size_275_50_R22" time="3.49"/>
  <testcase classname="test_21Inches_Sizes.TestSize_285_30_R21" name="UsershoudbeableToclickon_size_285_30_R21" time="3.449"/>
  <testcase classname="test_21Inches_Sizes.TestSize_275_30_R21" name="UsershoudbeableToclickon_size_275_30_R21" time="3.361"/>
  <testcase classname="test_22Inches_Sizes.TestSize_285_45_R22" name="UsershoudbeableToclickon_size_285_45_R22" time="3.082"/>
  <testcase classname="test_22Inches_Sizes.TestSize_275_40R22" name="UserSouldBeAbleToto_Click_on22_Inches" time="5.647"/>
  <testcase classname="test_22Inches_Sizes.TestSize_275_40R22" name="UsershoudbeableToclickon_size_275_40_R22" time="3.692"/>
  <testcase classname="test_22Inches_Sizes.TestSize_265_40_R22" name="UsershoudbeableToclickon_size_265_40_R22" time="3.508"/>
  <testcase classname="test_21Inches_Sizes.TestSize_255_40_R21" name="UsershoudbeableToclickon_size_255_40_R21" time="3.463"/>
  <testcase classname="test_22Inches_Sizes.TestSize_275_45_R22" name="UsersouldBeAbleToclickon_size_275_45_R22" time="2.889"/>
  <testcase classname="test_21Inches_Sizes.TestSize_285_40_R_21" name="UsershoudbeableToclickon_size_285_40_R21" time="3.796"/>
  <testcase classname="test_21Inches_Sizes.TestSize_265_40_R21" name="UsershoudbeableToclickon_size_275_40_R21" time="3.469"/>
  <testcase classname="test_22Inches_Sizes.TestSize_265_50R22" name="UsershoudbeableToclickon_size_265_50_R22" time="3.763"/>
  <testcase classname="test_21Inches_Sizes.TesSize_275_45_R21" name="UsershoudbeableToclickon_size_275_45_R21" time="4.205"/>
  <testcase classname="test_22Inches_Sizes.TestSize_285_35R22" name="UsershoudbeableToclickon_size_285_35_R22" time="2.824"/>
  <testcase classname="test_21Inches_Sizes.TestSize_275_40_R21" name="UsershoudbeableToclickon_size_275_40_R21" time="5.021"/>
  <testcase classname="test_21Inches_Sizes.TestSize_315_35_R21" name="UsershoudbeableToclickon_size_315_35_R21" time="3.394"/>
</testsuite> <!-- Default test -->
