<?xml version="1.0" encoding="UTF-8"?>
<testng-results ignored="0" total="23" passed="23" failed="0" skipped="0">
  <reporter-output>
  </reporter-output>
  <suite started-at="2023-03-20T16:50:21 CDT" name="Default suite" finished-at="2023-03-20T16:53:56 CDT" duration-ms="214767">
    <groups>
    </groups>
    <test started-at="2023-03-20T16:50:21 CDT" name="Default test" finished-at="2023-03-20T16:53:56 CDT" duration-ms="214767">
      <class name="test_21Inches_Sizes.TestSize_325_30_R21">
        <test-method is-config="true" signature="UserSouldBeAbleToto_Click_on21_Inches()[pri:0, instance:test_21Inches_Sizes.TestSize_325_30_R21@32ee6fee]" started-at="2023-03-20T16:52:21 CDT" name="UserSouldBeAbleToto_Click_on21_Inches" finished-at="2023-03-20T16:52:29 CDT" duration-ms="7356" status="PASS">
          <reporter-output>
          </reporter-output>
        </test-method> <!-- UserSouldBeAbleToto_Click_on21_Inches -->
        <test-method signature="UsershoudbeableToclickon_size_325_30_R21()[pri:0, instance:test_21Inches_Sizes.TestSize_325_30_R21@32ee6fee]" started-at="2023-03-20T16:52:29 CDT" name="UsershoudbeableToclickon_size_325_30_R21" finished-at="2023-03-20T16:52:33 CDT" duration-ms="4298" status="PASS">
          <reporter-output>
          </reporter-output>
        </test-method> <!-- UsershoudbeableToclickon_size_325_30_R21 -->
      </class> <!-- test_21Inches_Sizes.TestSize_325_30_R21 -->
      <class name="test_21Inches_Sizes.TestSize_295_40_R21">
        <test-method is-config="true" signature="UserSouldBeAbleToto_Click_on21_Inches()[pri:0, instance:test_21Inches_Sizes.TestSize_295_40_R21@7fee8714]" started-at="2023-03-20T16:52:06 CDT" name="UserSouldBeAbleToto_Click_on21_Inches" finished-at="2023-03-20T16:52:14 CDT" duration-ms="8083" status="PASS">
          <reporter-output>
          </reporter-output>
        </test-method> <!-- UserSouldBeAbleToto_Click_on21_Inches -->
        <test-method signature="UsershoudbeableToclickon_size_295_40_R21()[pri:0, instance:test_21Inches_Sizes.TestSize_295_40_R21@7fee8714]" started-at="2023-03-20T16:52:33 CDT" name="UsershoudbeableToclickon_size_295_40_R21" finished-at="2023-03-20T16:52:37 CDT" duration-ms="3761" status="PASS">
          <reporter-output>
          </reporter-output>
        </test-method> <!-- UsershoudbeableToclickon_size_295_40_R21 -->
      </class> <!-- test_21Inches_Sizes.TestSize_295_40_R21 -->
      <class name="test_21Inches_Sizes.TestSize_295_35__R21">
        <test-method is-config="true" signature="UserSouldBeAbleToto_Click_on21_Inches()[pri:0, instance:test_21Inches_Sizes.TestSize_295_35__R21@4229bb3f]" started-at="2023-03-20T16:51:59 CDT" name="UserSouldBeAbleToto_Click_on21_Inches" finished-at="2023-03-20T16:52:06 CDT" duration-ms="6546" status="PASS">
          <reporter-output>
          </reporter-output>
        </test-method> <!-- UserSouldBeAbleToto_Click_on21_Inches -->
        <test-method signature="UsershoudbeableToclickon_size_295_35_R21()[pri:0, instance:test_21Inches_Sizes.TestSize_295_35__R21@4229bb3f]" started-at="2023-03-20T16:52:37 CDT" name="UsershoudbeableToclickon_size_295_35_R21" finished-at="2023-03-20T16:52:41 CDT" duration-ms="3899" status="PASS">
          <reporter-output>
          </reporter-output>
        </test-method> <!-- UsershoudbeableToclickon_size_295_35_R21 -->
      </class> <!-- test_21Inches_Sizes.TestSize_295_35__R21 -->
      <class name="test_21Inches_Sizes.TesSize_265_35_R21">
        <test-method signature="UserSouldBeAbleToto_Click_on21_Inches()[pri:0, instance:test_21Inches_Sizes.TesSize_265_35_R21@56cdfb3b]" started-at="2023-03-20T16:52:41 CDT" name="UserSouldBeAbleToto_Click_on21_Inches" finished-at="2023-03-20T16:52:47 CDT" duration-ms="6084" status="PASS">
          <reporter-output>
          </reporter-output>
        </test-method> <!-- UserSouldBeAbleToto_Click_on21_Inches -->
        <test-method signature="UsershoudbeableToclickon_size_265_35_R21()[pri:0, instance:test_21Inches_Sizes.TesSize_265_35_R21@56cdfb3b]" started-at="2023-03-20T16:52:47 CDT" name="UsershoudbeableToclickon_size_265_35_R21" finished-at="2023-03-20T16:52:51 CDT" duration-ms="3872" status="PASS">
          <reporter-output>
          </reporter-output>
        </test-method> <!-- UsershoudbeableToclickon_size_265_35_R21 -->
      </class> <!-- test_21Inches_Sizes.TesSize_265_35_R21 -->
      <class name="test_21Inches_Sizes.TestSize_245_35_R21">
        <test-method is-config="true" signature="UserSouldBeAbleToto_Click_on21_Inches()[pri:0, instance:test_21Inches_Sizes.TestSize_245_35_R21@2b91004a]" started-at="2023-03-20T16:50:29 CDT" name="UserSouldBeAbleToto_Click_on21_Inches" finished-at="2023-03-20T16:50:35 CDT" duration-ms="6478" status="PASS">
          <reporter-output>
          </reporter-output>
        </test-method> <!-- UserSouldBeAbleToto_Click_on21_Inches -->
        <test-method signature="UsershoudbeableToclickon_size_245_35_R21()[pri:0, instance:test_21Inches_Sizes.TestSize_245_35_R21@2b91004a]" started-at="2023-03-20T16:52:51 CDT" name="UsershoudbeableToclickon_size_245_35_R21" finished-at="2023-03-20T16:52:55 CDT" duration-ms="3799" status="PASS">
          <reporter-output>
          </reporter-output>
        </test-method> <!-- UsershoudbeableToclickon_size_245_35_R21 -->
      </class> <!-- test_21Inches_Sizes.TestSize_245_35_R21 -->
      <class name="test_21Inches_Sizes.TestSize_275_35_R21">
        <test-method is-config="true" signature="UserSouldBeAbleToto_Click_on21_Inches()[pri:0, instance:test_21Inches_Sizes.TestSize_275_35_R21@20ccf40b]" started-at="2023-03-20T16:51:05 CDT" name="UserSouldBeAbleToto_Click_on21_Inches" finished-at="2023-03-20T16:51:11 CDT" duration-ms="5603" status="PASS">
          <reporter-output>
          </reporter-output>
        </test-method> <!-- UserSouldBeAbleToto_Click_on21_Inches -->
        <test-method signature="UsershoudbeableToclickon_size_265_35_R21()[pri:0, instance:test_21Inches_Sizes.TestSize_275_35_R21@20ccf40b]" started-at="2023-03-20T16:52:55 CDT" name="UsershoudbeableToclickon_size_265_35_R21" finished-at="2023-03-20T16:52:57 CDT" duration-ms="2262" status="PASS">
          <reporter-output>
          </reporter-output>
        </test-method> <!-- UsershoudbeableToclickon_size_265_35_R21 -->
      </class> <!-- test_21Inches_Sizes.TestSize_275_35_R21 -->
      <class name="test_21Inches_Sizes.TestSize_285_30_R21">
        <test-method is-config="true" signature="UserSouldBeAbleToto_Click_on21_Inches()[pri:0, instance:test_21Inches_Sizes.TestSize_285_30_R21@7205765b]" started-at="2023-03-20T16:51:31 CDT" name="UserSouldBeAbleToto_Click_on21_Inches" finished-at="2023-03-20T16:51:39 CDT" duration-ms="7402" status="PASS">
          <reporter-output>
          </reporter-output>
        </test-method> <!-- UserSouldBeAbleToto_Click_on21_Inches -->
        <test-method signature="UsershoudbeableToclickon_size_285_30_R21()[pri:0, instance:test_21Inches_Sizes.TestSize_285_30_R21@7205765b]" started-at="2023-03-20T16:53:00 CDT" name="UsershoudbeableToclickon_size_285_30_R21" finished-at="2023-03-20T16:53:04 CDT" duration-ms="3449" status="PASS">
          <reporter-output>
          </reporter-output>
        </test-method> <!-- UsershoudbeableToclickon_size_285_30_R21 -->
      </class> <!-- test_21Inches_Sizes.TestSize_285_30_R21 -->
      <class name="test_22Inches_Sizes.TestSize_275_50_R22">
        <test-method is-config="true" signature="UserSouldBeAbleToto_Click_on22_Inches()[pri:0, instance:test_22Inches_Sizes.TestSize_275_50_R22@35aea049]" started-at="2023-03-20T16:51:23 CDT" name="UserSouldBeAbleToto_Click_on22_Inches" finished-at="2023-03-20T16:51:31 CDT" duration-ms="7911" status="PASS">
          <reporter-output>
          </reporter-output>
        </test-method> <!-- UserSouldBeAbleToto_Click_on22_Inches -->
        <test-method signature="UsershoudbeableToclickon_size_275_50_R22()[pri:0, instance:test_22Inches_Sizes.TestSize_275_50_R22@35aea049]" started-at="2023-03-20T16:52:57 CDT" name="UsershoudbeableToclickon_size_275_50_R22" finished-at="2023-03-20T16:53:00 CDT" duration-ms="3490" status="PASS">
          <reporter-output>
          </reporter-output>
        </test-method> <!-- UsershoudbeableToclickon_size_275_50_R22 -->
      </class> <!-- test_22Inches_Sizes.TestSize_275_50_R22 -->
      <class name="test_22Inches_Sizes.TestSize_285_45_R22">
        <test-method is-config="true" signature="UserSouldBeAbleToto_Click_on22_Inches()[pri:0, instance:test_22Inches_Sizes.TestSize_285_45_R22@22ef9844]" started-at="2023-03-20T16:51:53 CDT" name="UserSouldBeAbleToto_Click_on22_Inches" finished-at="2023-03-20T16:51:59 CDT" duration-ms="6391" status="PASS">
          <reporter-output>
          </reporter-output>
        </test-method> <!-- UserSouldBeAbleToto_Click_on22_Inches -->
        <test-method signature="UsershoudbeableToclickon_size_285_45_R22()[pri:0, instance:test_22Inches_Sizes.TestSize_285_45_R22@22ef9844]" started-at="2023-03-20T16:53:07 CDT" name="UsershoudbeableToclickon_size_285_45_R22" finished-at="2023-03-20T16:53:10 CDT" duration-ms="3082" status="PASS">
          <reporter-output>
          </reporter-output>
        </test-method> <!-- UsershoudbeableToclickon_size_285_45_R22 -->
      </class> <!-- test_22Inches_Sizes.TestSize_285_45_R22 -->
      <class name="test_21Inches_Sizes.TestSize_275_30_R21">
        <test-method is-config="true" signature="UserSouldBeAbleToto_Click_on21_Inches()[pri:0, instance:test_21Inches_Sizes.TestSize_275_30_R21@47987356]" started-at="2023-03-20T16:51:00 CDT" name="UserSouldBeAbleToto_Click_on21_Inches" finished-at="2023-03-20T16:51:05 CDT" duration-ms="5718" status="PASS">
          <reporter-output>
          </reporter-output>
        </test-method> <!-- UserSouldBeAbleToto_Click_on21_Inches -->
        <test-method signature="UsershoudbeableToclickon_size_275_30_R21()[pri:0, instance:test_21Inches_Sizes.TestSize_275_30_R21@47987356]" started-at="2023-03-20T16:53:04 CDT" name="UsershoudbeableToclickon_size_275_30_R21" finished-at="2023-03-20T16:53:07 CDT" duration-ms="3361" status="PASS">
          <reporter-output>
          </reporter-output>
        </test-method> <!-- UsershoudbeableToclickon_size_275_30_R21 -->
      </class> <!-- test_21Inches_Sizes.TestSize_275_30_R21 -->
      <class name="test_22Inches_Sizes.TestSize_275_40R22">
        <test-method signature="UserSouldBeAbleToto_Click_on22_Inches()[pri:0, instance:test_22Inches_Sizes.TestSize_275_40R22@6283d8b8]" started-at="2023-03-20T16:53:10 CDT" name="UserSouldBeAbleToto_Click_on22_Inches" finished-at="2023-03-20T16:53:16 CDT" duration-ms="5647" status="PASS">
          <reporter-output>
          </reporter-output>
        </test-method> <!-- UserSouldBeAbleToto_Click_on22_Inches -->
        <test-method signature="UsershoudbeableToclickon_size_275_40_R22()[pri:0, instance:test_22Inches_Sizes.TestSize_275_40R22@6283d8b8]" started-at="2023-03-20T16:53:16 CDT" name="UsershoudbeableToclickon_size_275_40_R22" finished-at="2023-03-20T16:53:20 CDT" duration-ms="3692" status="PASS">
          <reporter-output>
          </reporter-output>
        </test-method> <!-- UsershoudbeableToclickon_size_275_40_R22 -->
      </class> <!-- test_22Inches_Sizes.TestSize_275_40R22 -->
      <class name="test_22Inches_Sizes.TestSize_265_40_R22">
        <test-method is-config="true" signature="UserSouldBeAbleToto_Click_on22_Inches()[pri:0, instance:test_22Inches_Sizes.TestSize_265_40_R22@3b6ddd1d]" started-at="2023-03-20T16:50:47 CDT" name="UserSouldBeAbleToto_Click_on22_Inches" finished-at="2023-03-20T16:50:53 CDT" duration-ms="5723" status="PASS">
          <reporter-output>
          </reporter-output>
        </test-method> <!-- UserSouldBeAbleToto_Click_on22_Inches -->
        <test-method signature="UsershoudbeableToclickon_size_265_40_R22()[pri:0, instance:test_22Inches_Sizes.TestSize_265_40_R22@3b6ddd1d]" started-at="2023-03-20T16:53:20 CDT" name="UsershoudbeableToclickon_size_265_40_R22" finished-at="2023-03-20T16:53:23 CDT" duration-ms="3508" status="PASS">
          <reporter-output>
          </reporter-output>
        </test-method> <!-- UsershoudbeableToclickon_size_265_40_R22 -->
      </class> <!-- test_22Inches_Sizes.TestSize_265_40_R22 -->
      <class name="test_22Inches_Sizes.TestSize_275_45_R22">
        <test-method is-config="true" signature="UserSouldBeAbleToto_Click_on22_Inches()[pri:0, instance:test_22Inches_Sizes.TestSize_275_45_R22@611889f4]" started-at="2023-03-20T16:51:17 CDT" name="UserSouldBeAbleToto_Click_on22_Inches" finished-at="2023-03-20T16:51:23 CDT" duration-ms="6082" status="PASS">
          <reporter-output>
          </reporter-output>
        </test-method> <!-- UserSouldBeAbleToto_Click_on22_Inches -->
        <test-method signature="UsersouldBeAbleToclickon_size_275_45_R22()[pri:0, instance:test_22Inches_Sizes.TestSize_275_45_R22@611889f4]" started-at="2023-03-20T16:53:27 CDT" name="UsersouldBeAbleToclickon_size_275_45_R22" finished-at="2023-03-20T16:53:29 CDT" duration-ms="2889" status="PASS">
          <reporter-output>
          </reporter-output>
        </test-method> <!-- UsersouldBeAbleToclickon_size_275_45_R22 -->
      </class> <!-- test_22Inches_Sizes.TestSize_275_45_R22 -->
      <class name="test_21Inches_Sizes.TestSize_255_40_R21">
        <test-method is-config="true" signature="UserSouldBeAbleToto_Click_on21_Inches()[pri:0, instance:test_21Inches_Sizes.TestSize_255_40_R21@3f6b0be5]" started-at="2023-03-20T16:50:35 CDT" name="UserSouldBeAbleToto_Click_on21_Inches" finished-at="2023-03-20T16:50:41 CDT" duration-ms="5486" status="PASS">
          <reporter-output>
          </reporter-output>
        </test-method> <!-- UserSouldBeAbleToto_Click_on21_Inches -->
        <test-method signature="UsershoudbeableToclickon_size_255_40_R21()[pri:0, instance:test_21Inches_Sizes.TestSize_255_40_R21@3f6b0be5]" started-at="2023-03-20T16:53:23 CDT" name="UsershoudbeableToclickon_size_255_40_R21" finished-at="2023-03-20T16:53:27 CDT" duration-ms="3463" status="PASS">
          <reporter-output>
          </reporter-output>
        </test-method> <!-- UsershoudbeableToclickon_size_255_40_R21 -->
      </class> <!-- test_21Inches_Sizes.TestSize_255_40_R21 -->
      <class name="test_21Inches_Sizes.TestSize_285_40_R_21">
        <test-method is-config="true" signature="UserSouldBeAbleToto_Click_on21_Inches()[pri:0, instance:test_21Inches_Sizes.TestSize_285_40_R_21@1da2cb77]" started-at="2023-03-20T16:51:46 CDT" name="UserSouldBeAbleToto_Click_on21_Inches" finished-at="2023-03-20T16:51:53 CDT" duration-ms="6280" status="PASS">
          <reporter-output>
          </reporter-output>
        </test-method> <!-- UserSouldBeAbleToto_Click_on21_Inches -->
        <test-method signature="UsershoudbeableToclickon_size_285_40_R21()[pri:0, instance:test_21Inches_Sizes.TestSize_285_40_R_21@1da2cb77]" started-at="2023-03-20T16:53:29 CDT" name="UsershoudbeableToclickon_size_285_40_R21" finished-at="2023-03-20T16:53:33 CDT" duration-ms="3796" status="PASS">
          <reporter-output>
          </reporter-output>
        </test-method> <!-- UsershoudbeableToclickon_size_285_40_R21 -->
      </class> <!-- test_21Inches_Sizes.TestSize_285_40_R_21 -->
      <class name="test_21Inches_Sizes.TestSize_265_40_R21">
        <test-method is-config="true" signature="UserSouldBeAbleToto_Click_on21_Inches()[pri:0, instance:test_21Inches_Sizes.TestSize_265_40_R21@48f278eb]" started-at="2023-03-20T16:50:41 CDT" name="UserSouldBeAbleToto_Click_on21_Inches" finished-at="2023-03-20T16:50:47 CDT" duration-ms="6111" status="PASS">
          <reporter-output>
          </reporter-output>
        </test-method> <!-- UserSouldBeAbleToto_Click_on21_Inches -->
        <test-method signature="UsershoudbeableToclickon_size_275_40_R21()[pri:0, instance:test_21Inches_Sizes.TestSize_265_40_R21@48f278eb]" started-at="2023-03-20T16:53:33 CDT" name="UsershoudbeableToclickon_size_275_40_R21" finished-at="2023-03-20T16:53:37 CDT" duration-ms="3469" status="PASS">
          <reporter-output>
          </reporter-output>
        </test-method> <!-- UsershoudbeableToclickon_size_275_40_R21 -->
      </class> <!-- test_21Inches_Sizes.TestSize_265_40_R21 -->
      <class name="test_21Inches_Sizes.TesSize_275_45_R21">
        <test-method is-config="true" signature="UserSouldBeAbleToto_Click_on21_Inches()[pri:0, instance:test_21Inches_Sizes.TesSize_275_45_R21@a530d0a]" started-at="2023-03-20T16:50:21 CDT" name="UserSouldBeAbleToto_Click_on21_Inches" finished-at="2023-03-20T16:50:29 CDT" duration-ms="7779" status="PASS">
          <reporter-output>
          </reporter-output>
        </test-method> <!-- UserSouldBeAbleToto_Click_on21_Inches -->
        <test-method signature="UsershoudbeableToclickon_size_275_45_R21()[pri:0, instance:test_21Inches_Sizes.TesSize_275_45_R21@a530d0a]" started-at="2023-03-20T16:53:41 CDT" name="UsershoudbeableToclickon_size_275_45_R21" finished-at="2023-03-20T16:53:45 CDT" duration-ms="4205" status="PASS">
          <reporter-output>
          </reporter-output>
        </test-method> <!-- UsershoudbeableToclickon_size_275_45_R21 -->
      </class> <!-- test_21Inches_Sizes.TesSize_275_45_R21 -->
      <class name="test_22Inches_Sizes.TestSize_265_50R22">
        <test-method is-config="true" signature="UserSouldBeAbleToto_Click_on22_Inches()[pri:0, instance:test_22Inches_Sizes.TestSize_265_50R22@2f217633]" started-at="2023-03-20T16:50:53 CDT" name="UserSouldBeAbleToto_Click_on22_Inches" finished-at="2023-03-20T16:51:00 CDT" duration-ms="6871" status="PASS">
          <reporter-output>
          </reporter-output>
        </test-method> <!-- UserSouldBeAbleToto_Click_on22_Inches -->
        <test-method signature="UsershoudbeableToclickon_size_265_50_R22()[pri:0, instance:test_22Inches_Sizes.TestSize_265_50R22@2f217633]" started-at="2023-03-20T16:53:37 CDT" name="UsershoudbeableToclickon_size_265_50_R22" finished-at="2023-03-20T16:53:41 CDT" duration-ms="3763" status="PASS">
          <reporter-output>
          </reporter-output>
        </test-method> <!-- UsershoudbeableToclickon_size_265_50_R22 -->
      </class> <!-- test_22Inches_Sizes.TestSize_265_50R22 -->
      <class name="test_22Inches_Sizes.TestSize_285_35R22">
        <test-method is-config="true" signature="UserSouldBeAbleToto_Click_on22_Inches()[pri:0, instance:test_22Inches_Sizes.TestSize_285_35R22@1a18644]" started-at="2023-03-20T16:51:39 CDT" name="UserSouldBeAbleToto_Click_on22_Inches" finished-at="2023-03-20T16:51:46 CDT" duration-ms="7596" status="PASS">
          <reporter-output>
          </reporter-output>
        </test-method> <!-- UserSouldBeAbleToto_Click_on22_Inches -->
        <test-method signature="UsershoudbeableToclickon_size_285_35_R22()[pri:0, instance:test_22Inches_Sizes.TestSize_285_35R22@1a18644]" started-at="2023-03-20T16:53:45 CDT" name="UsershoudbeableToclickon_size_285_35_R22" finished-at="2023-03-20T16:53:48 CDT" duration-ms="2824" status="PASS">
          <reporter-output>
          </reporter-output>
        </test-method> <!-- UsershoudbeableToclickon_size_285_35_R22 -->
      </class> <!-- test_22Inches_Sizes.TestSize_285_35R22 -->
      <class name="test_21Inches_Sizes.TestSize_275_40_R21">
        <test-method is-config="true" signature="UserSouldBeAbleToto_Click_on21_Inches()[pri:0, instance:test_21Inches_Sizes.TestSize_275_40_R21@5acf93bb]" started-at="2023-03-20T16:51:11 CDT" name="UserSouldBeAbleToto_Click_on21_Inches" finished-at="2023-03-20T16:51:17 CDT" duration-ms="6357" status="PASS">
          <reporter-output>
          </reporter-output>
        </test-method> <!-- UserSouldBeAbleToto_Click_on21_Inches -->
        <test-method signature="UsershoudbeableToclickon_size_275_40_R21()[pri:0, instance:test_21Inches_Sizes.TestSize_275_40_R21@5acf93bb]" started-at="2023-03-20T16:53:48 CDT" name="UsershoudbeableToclickon_size_275_40_R21" finished-at="2023-03-20T16:53:53 CDT" duration-ms="5021" status="PASS">
          <reporter-output>
          </reporter-output>
        </test-method> <!-- UsershoudbeableToclickon_size_275_40_R21 -->
      </class> <!-- test_21Inches_Sizes.TestSize_275_40_R21 -->
      <class name="test_21Inches_Sizes.TestSize_315_35_R21">
        <test-method is-config="true" signature="UserSouldBeAbleToto_Click_on21_Inches()[pri:0, instance:test_21Inches_Sizes.TestSize_315_35_R21@7e7be63f]" started-at="2023-03-20T16:52:14 CDT" name="UserSouldBeAbleToto_Click_on21_Inches" finished-at="2023-03-20T16:52:21 CDT" duration-ms="7809" status="PASS">
          <reporter-output>
          </reporter-output>
        </test-method> <!-- UserSouldBeAbleToto_Click_on21_Inches -->
        <test-method signature="UsershoudbeableToclickon_size_315_35_R21()[pri:0, instance:test_21Inches_Sizes.TestSize_315_35_R21@7e7be63f]" started-at="2023-03-20T16:53:53 CDT" name="UsershoudbeableToclickon_size_315_35_R21" finished-at="2023-03-20T16:53:56 CDT" duration-ms="3394" status="PASS">
          <reporter-output>
          </reporter-output>
        </test-method> <!-- UsershoudbeableToclickon_size_315_35_R21 -->
      </class> <!-- test_21Inches_Sizes.TestSize_315_35_R21 -->
    </test> <!-- Default test -->
  </suite> <!-- Default suite -->
</testng-results>
